<?xml version="1.0" encoding="UTF-8"?>
<!-- Generated by org.testng.reporters.JUnitXMLReporter -->
<testsuite ignored="0" hostname="Peters-MacBook-Air.local" failures="2" tests="2" name="ValidatingTest" time="8.129" errors="0" timestamp="01 Aug 2019 18:19:19 GMT">
  <testcase classname="Academy.Validatetext" name="basePageNavigation" time="0.079">
    <failure type="java.lang.AssertionError" message="expected:&amp;lt;Sign Up1&amp;gt; but was:&amp;lt;Sign Up&amp;gt;">
      <![CDATA[java.lang.AssertionError: expected:<Sign Up1> but was:<Sign Up>
at Academy.Validatetext.basePageNavigation(Validatetext.java:32)
... Removed 27 stack frames]]>
    </failure>
  </testcase> <!-- basePageNavigation -->
  <testcase classname="Academy.Validatetext" name="basePageNavigation" time="0.083">
    <failure type="java.lang.Error" message="Unresolved compilation problem: 
	FileUtils cannot be resolved
">
      <![CDATA[java.lang.Error: Unresolved compilation problem: 
FileUtils cannot be resolved

at resources.Base.getscreenshot(Base.java:48)
at Academy.Listeners.onTestFailure(Listeners.java:29)
... Removed 22 stack frames]]>
    </failure>
  </testcase> <!-- basePageNavigation -->
</testsuite> <!-- ValidatingTest -->
